<?xml version="1.0" encoding="UTF-8"?>
<testng-results skipped="0" failed="0" total="1" passed="1">
  <reporter-output>
  </reporter-output>
  <suite name="Suite" duration-ms="54327" started-at="2019-08-20T18:13:08Z" finished-at="2019-08-20T18:14:03Z">
    <groups>
    </groups>
    <test name="Test" duration-ms="54327" started-at="2019-08-20T18:13:08Z" finished-at="2019-08-20T18:14:03Z">
      <class name="Demo1.program1">
        <test-method status="PASS" signature="m1()[pri:0, instance:Demo1.program1@566776ad]" name="m1" duration-ms="54301" started-at="2019-08-20T23:43:08Z" finished-at="2019-08-20T23:44:03Z">
          <reporter-output>
          </reporter-output>
        </test-method> <!-- m1 -->
      </class> <!-- Demo1.program1 -->
    </test> <!-- Test -->
  </suite> <!-- Suite -->
</testng-results>
