<?xml version="1.0" encoding="UTF-8"?>
<testng-results skipped="0" failed="0" total="1" passed="1">
  <reporter-output>
  </reporter-output>
  <suite name="Suite" duration-ms="9761" started-at="2019-08-16T09:09:31Z" finished-at="2019-08-16T09:09:41Z">
    <groups>
    </groups>
    <test name="Test" duration-ms="9761" started-at="2019-08-16T09:09:31Z" finished-at="2019-08-16T09:09:41Z">
      <class name="Demo1.program1">
        <test-method status="PASS" signature="m1()[pri:0, instance:Demo1.program1@566776ad]" name="m1" duration-ms="9742" started-at="2019-08-16T14:39:31Z" finished-at="2019-08-16T14:39:41Z">
          <reporter-output>
          </reporter-output>
        </test-method> <!-- m1 -->
      </class> <!-- Demo1.program1 -->
    </test> <!-- Test -->
  </suite> <!-- Suite -->
</testng-results>
